2016-03-12 13:35:27,672 +0200 [main] INFO  (Version.java:37) - HHH000412: Hibernate Core {5.0.0.Final}
2016-03-12 13:35:27,676 +0200 [main] INFO  (Environment.java:213) - HHH000206: hibernate.properties not found
2016-03-12 13:35:27,677 +0200 [main] INFO  (Environment.java:317) - HHH000021: Bytecode provider name : javassist
2016-03-12 13:35:27,690 +0200 [main] WARN  (LocalXmlResourceResolver.java:91) - HHH90000012: Recognized obsolete hibernate namespace http://hibernate.sourceforge.net/hibernate-configuration. Use namespace http://www.hibernate.org/dtd/hibernate-configuration instead.  Support for obsolete DTD/XSD namespaces may be removed at any time.
2016-03-12 13:35:27,841 +0200 [main] INFO  (JavaReflectionManager.java:66) - HCANN000001: Hibernate Commons Annotations {5.0.0.Final}
2016-03-12 13:35:27,895 +0200 [main] WARN  (DriverManagerConnectionProviderImpl.java:76) - HHH000402: Using Hibernate built-in connection pool (not for production use!)
2016-03-12 13:35:27,900 +0200 [main] INFO  (DriverManagerConnectionProviderImpl.java:149) - HHH000401: using driver [org.postgresql.Driver] at URL [jdbc:postgresql://localhost:5432/LiquiBLQ]
2016-03-12 13:35:27,900 +0200 [main] INFO  (DriverManagerConnectionProviderImpl.java:158) - HHH000046: Connection properties: {user=postgres, password=****}
2016-03-12 13:35:27,900 +0200 [main] INFO  (DriverManagerConnectionProviderImpl.java:163) - HHH000006: Autocommit mode: false
2016-03-12 13:35:27,902 +0200 [main] INFO  (DriverManagerConnectionProviderImpl.java:85) - HHH000115: Hibernate connection pool size: 20 (min=1)
2016-03-12 13:35:27,971 +0200 [main] INFO  (Dialect.java:154) - HHH000400: Using dialect: org.hibernate.dialect.PostgreSQLDialect
2016-03-12 13:35:28,135 +0200 [main] INFO  (LobCreatorBuilderImpl.java:124) - HHH000424: Disabling contextual LOB creation as createClob() method threw error : java.lang.reflect.InvocationTargetException
2016-03-12 13:35:28,136 +0200 [main] INFO  (BasicTypeRegistry.java:138) - HHH000270: Type registration [java.util.UUID] overrides previous : org.hibernate.type.UUIDBinaryType@4d5650ae
2016-03-12 13:35:28,407 +0200 [main] INFO  (Version.java:27) - HV000001: Hibernate Validator 5.1.3.Final
2016-03-12 13:37:41,124 +0200 [main] INFO  (Version.java:37) - HHH000412: Hibernate Core {5.1.0.Final}
2016-03-12 13:37:41,129 +0200 [main] INFO  (Environment.java:213) - HHH000206: hibernate.properties not found
2016-03-12 13:37:41,131 +0200 [main] INFO  (Environment.java:317) - HHH000021: Bytecode provider name : javassist
2016-03-12 13:37:41,150 +0200 [main] WARN  (LocalXmlResourceResolver.java:91) - HHH90000012: Recognized obsolete hibernate namespace http://hibernate.sourceforge.net/hibernate-configuration. Use namespace http://www.hibernate.org/dtd/hibernate-configuration instead.  Support for obsolete DTD/XSD namespaces may be removed at any time.
2016-03-12 13:37:41,344 +0200 [main] INFO  (JavaReflectionManager.java:66) - HCANN000001: Hibernate Commons Annotations {5.0.1.Final}
2016-03-12 13:37:41,410 +0200 [main] WARN  (DriverManagerConnectionProviderImpl.java:71) - HHH10001002: Using Hibernate built-in connection pool (not for production use!)
2016-03-12 13:37:41,416 +0200 [main] INFO  (DriverManagerConnectionProviderImpl.java:127) - HHH10001005: using driver [org.postgresql.Driver] at URL [jdbc:postgresql://localhost:5432/LiquiBLQ]
2016-03-12 13:37:41,417 +0200 [main] INFO  (DriverManagerConnectionProviderImpl.java:136) - HHH10001001: Connection properties: {user=postgres, password=****}
2016-03-12 13:37:41,417 +0200 [main] INFO  (DriverManagerConnectionProviderImpl.java:141) - HHH10001003: Autocommit mode: false
2016-03-12 13:37:41,420 +0200 [main] INFO  (PooledConnections.java:39) - HHH000115: Hibernate connection pool size: 20 (min=1)
2016-03-12 13:37:41,501 +0200 [main] INFO  (Dialect.java:156) - HHH000400: Using dialect: org.hibernate.dialect.PostgreSQLDialect
2016-03-12 13:37:41,667 +0200 [main] INFO  (LobCreatorBuilderImpl.java:124) - HHH000424: Disabling contextual LOB creation as createClob() method threw error : java.lang.reflect.InvocationTargetException
2016-03-12 13:37:41,669 +0200 [main] INFO  (BasicTypeRegistry.java:138) - HHH000270: Type registration [java.util.UUID] overrides previous : org.hibernate.type.UUIDBinaryType@7b36aa0c
2016-03-12 13:37:42,027 +0200 [main] INFO  (Version.java:27) - HV000001: Hibernate Validator 5.1.3.Final
