2016-03-12 13:29:45,305 +0200 [main] INFO  (Version.java:37) - HHH000412: Hibernate Core {5.0.0.Final}
2016-03-12 13:29:45,309 +0200 [main] INFO  (Environment.java:213) - HHH000206: hibernate.properties not found
2016-03-12 13:29:45,310 +0200 [main] INFO  (Environment.java:317) - HHH000021: Bytecode provider name : javassist
2016-03-12 13:29:45,324 +0200 [main] WARN  (LocalXmlResourceResolver.java:91) - HHH90000012: Recognized obsolete hibernate namespace http://hibernate.sourceforge.net/hibernate-configuration. Use namespace http://www.hibernate.org/dtd/hibernate-configuration instead.  Support for obsolete DTD/XSD namespaces may be removed at any time.
2016-03-12 13:29:45,492 +0200 [main] INFO  (JavaReflectionManager.java:66) - HCANN000001: Hibernate Commons Annotations {5.0.0.Final}
2016-03-12 13:29:45,547 +0200 [main] WARN  (DriverManagerConnectionProviderImpl.java:76) - HHH000402: Using Hibernate built-in connection pool (not for production use!)
2016-03-12 13:29:45,552 +0200 [main] INFO  (DriverManagerConnectionProviderImpl.java:149) - HHH000401: using driver [org.postgresql.Driver] at URL [jdbc:postgresql://localhost:5432/LiquiBLQ]
2016-03-12 13:29:45,552 +0200 [main] INFO  (DriverManagerConnectionProviderImpl.java:158) - HHH000046: Connection properties: {user=postgres, password=****}
2016-03-12 13:29:45,552 +0200 [main] INFO  (DriverManagerConnectionProviderImpl.java:163) - HHH000006: Autocommit mode: false
2016-03-12 13:29:45,553 +0200 [main] INFO  (DriverManagerConnectionProviderImpl.java:85) - HHH000115: Hibernate connection pool size: 20 (min=1)
2016-03-12 13:29:45,624 +0200 [main] INFO  (Dialect.java:154) - HHH000400: Using dialect: org.hibernate.dialect.PostgreSQLDialect
2016-03-12 13:29:45,815 +0200 [main] INFO  (LobCreatorBuilderImpl.java:124) - HHH000424: Disabling contextual LOB creation as createClob() method threw error : java.lang.reflect.InvocationTargetException
2016-03-12 13:29:45,817 +0200 [main] INFO  (BasicTypeRegistry.java:138) - HHH000270: Type registration [java.util.UUID] overrides previous : org.hibernate.type.UUIDBinaryType@a38c7fe
2016-03-12 13:29:46,092 +0200 [main] INFO  (Version.java:27) - HV000001: Hibernate Validator 5.1.3.Final
2016-03-12 13:29:47,024 +0200 [main] ERROR (UsersController.java:57) - Loggin as XzOrSXOsFm!
2016-03-12 13:29:47,043 +0200 [main] ERROR (UsersController.java:57) - Loggin as XzOrSXOsFm!
2016-03-12 13:29:47,075 +0200 [main] ERROR (UsersController.java:57) - Loggin as VxpRcHyHHU!
2016-03-12 13:31:30,430 +0200 [main] INFO  (Version.java:37) - HHH000412: Hibernate Core {5.0.0.Final}
2016-03-12 13:31:30,434 +0200 [main] INFO  (Environment.java:213) - HHH000206: hibernate.properties not found
2016-03-12 13:31:30,435 +0200 [main] INFO  (Environment.java:317) - HHH000021: Bytecode provider name : javassist
2016-03-12 13:31:30,453 +0200 [main] WARN  (LocalXmlResourceResolver.java:91) - HHH90000012: Recognized obsolete hibernate namespace http://hibernate.sourceforge.net/hibernate-configuration. Use namespace http://www.hibernate.org/dtd/hibernate-configuration instead.  Support for obsolete DTD/XSD namespaces may be removed at any time.
2016-03-12 13:31:30,609 +0200 [main] INFO  (JavaReflectionManager.java:66) - HCANN000001: Hibernate Commons Annotations {5.0.0.Final}
2016-03-12 13:31:30,664 +0200 [main] WARN  (DriverManagerConnectionProviderImpl.java:76) - HHH000402: Using Hibernate built-in connection pool (not for production use!)
2016-03-12 13:31:30,669 +0200 [main] INFO  (DriverManagerConnectionProviderImpl.java:149) - HHH000401: using driver [org.postgresql.Driver] at URL [jdbc:postgresql://localhost:5432/LiquiBLQ]
2016-03-12 13:31:30,670 +0200 [main] INFO  (DriverManagerConnectionProviderImpl.java:158) - HHH000046: Connection properties: {user=postgres, password=****}
2016-03-12 13:31:30,670 +0200 [main] INFO  (DriverManagerConnectionProviderImpl.java:163) - HHH000006: Autocommit mode: false
2016-03-12 13:31:30,671 +0200 [main] INFO  (DriverManagerConnectionProviderImpl.java:85) - HHH000115: Hibernate connection pool size: 20 (min=1)
2016-03-12 13:31:30,742 +0200 [main] INFO  (Dialect.java:154) - HHH000400: Using dialect: org.hibernate.dialect.PostgreSQLDialect
2016-03-12 13:31:30,907 +0200 [main] INFO  (LobCreatorBuilderImpl.java:124) - HHH000424: Disabling contextual LOB creation as createClob() method threw error : java.lang.reflect.InvocationTargetException
2016-03-12 13:31:30,908 +0200 [main] INFO  (BasicTypeRegistry.java:138) - HHH000270: Type registration [java.util.UUID] overrides previous : org.hibernate.type.UUIDBinaryType@4d5650ae
2016-03-12 13:31:31,256 +0200 [main] INFO  (Version.java:27) - HV000001: Hibernate Validator 5.1.3.Final
2016-03-12 13:31:31,665 +0200 [main] ERROR (UsersController.java:57) - Loggin as XzOrSXOsFm!
2016-03-12 13:31:31,684 +0200 [main] ERROR (UsersController.java:57) - Loggin as XzOrSXOsFm!
2016-03-12 13:31:31,703 +0200 [main] ERROR (UsersController.java:57) - Loggin as eMUdceGVdw!
2016-03-12 13:34:03,806 +0200 [main] INFO  (Version.java:37) - HHH000412: Hibernate Core {5.0.0.Final}
2016-03-12 13:34:03,810 +0200 [main] INFO  (Environment.java:213) - HHH000206: hibernate.properties not found
2016-03-12 13:34:03,812 +0200 [main] INFO  (Environment.java:317) - HHH000021: Bytecode provider name : javassist
2016-03-12 13:34:03,826 +0200 [main] WARN  (LocalXmlResourceResolver.java:91) - HHH90000012: Recognized obsolete hibernate namespace http://hibernate.sourceforge.net/hibernate-configuration. Use namespace http://www.hibernate.org/dtd/hibernate-configuration instead.  Support for obsolete DTD/XSD namespaces may be removed at any time.
2016-03-12 13:34:03,977 +0200 [main] INFO  (JavaReflectionManager.java:66) - HCANN000001: Hibernate Commons Annotations {5.0.0.Final}
2016-03-12 13:34:04,037 +0200 [main] WARN  (DriverManagerConnectionProviderImpl.java:76) - HHH000402: Using Hibernate built-in connection pool (not for production use!)
2016-03-12 13:34:04,042 +0200 [main] INFO  (DriverManagerConnectionProviderImpl.java:149) - HHH000401: using driver [org.postgresql.Driver] at URL [jdbc:postgresql://localhost:5432/LiquiBLQ]
2016-03-12 13:34:04,042 +0200 [main] INFO  (DriverManagerConnectionProviderImpl.java:158) - HHH000046: Connection properties: {user=postgres, password=****}
2016-03-12 13:34:04,043 +0200 [main] INFO  (DriverManagerConnectionProviderImpl.java:163) - HHH000006: Autocommit mode: false
2016-03-12 13:34:04,044 +0200 [main] INFO  (DriverManagerConnectionProviderImpl.java:85) - HHH000115: Hibernate connection pool size: 20 (min=1)
2016-03-12 13:34:04,115 +0200 [main] INFO  (Dialect.java:154) - HHH000400: Using dialect: org.hibernate.dialect.PostgreSQLDialect
2016-03-12 13:34:04,289 +0200 [main] INFO  (LobCreatorBuilderImpl.java:124) - HHH000424: Disabling contextual LOB creation as createClob() method threw error : java.lang.reflect.InvocationTargetException
2016-03-12 13:34:04,290 +0200 [main] INFO  (BasicTypeRegistry.java:138) - HHH000270: Type registration [java.util.UUID] overrides previous : org.hibernate.type.UUIDBinaryType@4d5650ae
2016-03-12 13:34:04,572 +0200 [main] INFO  (Version.java:27) - HV000001: Hibernate Validator 5.1.3.Final
2016-03-12 13:34:05,087 +0200 [main] ERROR (UsersController.java:57) - Loggin as XzOrSXOsFm!
2016-03-12 13:34:05,105 +0200 [main] ERROR (UsersController.java:57) - Loggin as XzOrSXOsFm!
2016-03-12 13:34:05,125 +0200 [main] ERROR (UsersController.java:57) - Loggin as PjJhhPKaSU!
2016-03-12 13:35:28,828 +0200 [main] ERROR (UsersController.java:57) - Loggin as XzOrSXOsFm!
2016-03-12 13:35:28,847 +0200 [main] ERROR (UsersController.java:57) - Loggin as XzOrSXOsFm!
2016-03-12 13:35:28,868 +0200 [main] ERROR (UsersController.java:57) - Loggin as yFtCIWhdzz!
2016-03-12 13:37:42,465 +0200 [main] ERROR (UsersController.java:57) - Loggin as XzOrSXOsFm!
2016-03-12 13:37:42,501 +0200 [main] ERROR (UsersController.java:57) - Loggin as XzOrSXOsFm!
2016-03-12 13:37:42,527 +0200 [main] ERROR (UsersController.java:57) - Loggin as NXGhYHEQzh!
